running egg_info
creating build/control_node/control_node.egg-info
writing build/control_node/control_node.egg-info/PKG-INFO
writing dependency_links to build/control_node/control_node.egg-info/dependency_links.txt
writing entry points to build/control_node/control_node.egg-info/entry_points.txt
writing requirements to build/control_node/control_node.egg-info/requires.txt
writing top-level names to build/control_node/control_node.egg-info/top_level.txt
writing manifest file 'build/control_node/control_node.egg-info/SOURCES.txt'
reading manifest file 'build/control_node/control_node.egg-info/SOURCES.txt'
writing manifest file 'build/control_node/control_node.egg-info/SOURCES.txt'
running build
running build_py
creating /home/wu/ros2_ws/src/rov_project/control_node/build/control_node/build
creating /home/wu/ros2_ws/src/rov_project/control_node/build/control_node/build/lib
creating /home/wu/ros2_ws/src/rov_project/control_node/build/control_node/build/lib/control_node
copying control_node/pid.py -> /home/wu/ros2_ws/src/rov_project/control_node/build/control_node/build/lib/control_node
copying control_node/controller.py -> /home/wu/ros2_ws/src/rov_project/control_node/build/control_node/build/lib/control_node
copying control_node/__init__.py -> /home/wu/ros2_ws/src/rov_project/control_node/build/control_node/build/lib/control_node
running install
running install_lib
creating /home/wu/ros2_ws/src/rov_project/control_node/install/control_node/lib/python3.10/site-packages/control_node
copying /home/wu/ros2_ws/src/rov_project/control_node/build/control_node/build/lib/control_node/pid.py -> /home/wu/ros2_ws/src/rov_project/control_node/install/control_node/lib/python3.10/site-packages/control_node
copying /home/wu/ros2_ws/src/rov_project/control_node/build/control_node/build/lib/control_node/controller.py -> /home/wu/ros2_ws/src/rov_project/control_node/install/control_node/lib/python3.10/site-packages/control_node
copying /home/wu/ros2_ws/src/rov_project/control_node/build/control_node/build/lib/control_node/__init__.py -> /home/wu/ros2_ws/src/rov_project/control_node/install/control_node/lib/python3.10/site-packages/control_node
byte-compiling /home/wu/ros2_ws/src/rov_project/control_node/install/control_node/lib/python3.10/site-packages/control_node/pid.py to pid.cpython-310.pyc
byte-compiling /home/wu/ros2_ws/src/rov_project/control_node/install/control_node/lib/python3.10/site-packages/control_node/controller.py to controller.cpython-310.pyc
byte-compiling /home/wu/ros2_ws/src/rov_project/control_node/install/control_node/lib/python3.10/site-packages/control_node/__init__.py to __init__.cpython-310.pyc
running install_data
creating /home/wu/ros2_ws/src/rov_project/control_node/install/control_node/share/ament_index
creating /home/wu/ros2_ws/src/rov_project/control_node/install/control_node/share/ament_index/resource_index
creating /home/wu/ros2_ws/src/rov_project/control_node/install/control_node/share/ament_index/resource_index/packages
copying resource/control_node -> /home/wu/ros2_ws/src/rov_project/control_node/install/control_node/share/ament_index/resource_index/packages
copying package.xml -> /home/wu/ros2_ws/src/rov_project/control_node/install/control_node/share/control_node
running install_egg_info
Copying build/control_node/control_node.egg-info to /home/wu/ros2_ws/src/rov_project/control_node/install/control_node/lib/python3.10/site-packages/control_node-0.0.0-py3.10.egg-info
running install_scripts
Installing controller script to /home/wu/ros2_ws/src/rov_project/control_node/install/control_node/lib/control_node
writing list of installed files to '/home/wu/ros2_ws/src/rov_project/control_node/build/control_node/install.log'
