[0.607s] Invoking command in '/home/wu/ros2_ws/src/rov_project/control_node': PYTHONPATH=/home/wu/ros2_ws/src/rov_project/control_node/build/control_node/prefix_override:/usr/lib/python3/dist-packages/colcon_core/task/python/colcon_distutils_commands:/home/wu/ros2_ws/src/rov_project/control_node/install/control_node/lib/python3.10/site-packages:${PYTHONPATH} /usr/bin/python3 -W ignore:setup.py install is deprecated -W ignore:easy_install command is deprecated setup.py egg_info --egg-base build/control_node build --build-base /home/wu/ros2_ws/src/rov_project/control_node/build/control_node/build install --record /home/wu/ros2_ws/src/rov_project/control_node/build/control_node/install.log --single-version-externally-managed install_data
[0.852s] running egg_info
[0.853s] creating build/control_node/control_node.egg-info
[0.853s] writing build/control_node/control_node.egg-info/PKG-INFO
[0.853s] writing dependency_links to build/control_node/control_node.egg-info/dependency_links.txt
[0.853s] writing entry points to build/control_node/control_node.egg-info/entry_points.txt
[0.853s] writing requirements to build/control_node/control_node.egg-info/requires.txt
[0.854s] writing top-level names to build/control_node/control_node.egg-info/top_level.txt
[0.854s] writing manifest file 'build/control_node/control_node.egg-info/SOURCES.txt'
[0.856s] reading manifest file 'build/control_node/control_node.egg-info/SOURCES.txt'
[0.857s] writing manifest file 'build/control_node/control_node.egg-info/SOURCES.txt'
[0.857s] running build
[0.857s] running build_py
[0.858s] creating /home/wu/ros2_ws/src/rov_project/control_node/build/control_node/build
[0.858s] creating /home/wu/ros2_ws/src/rov_project/control_node/build/control_node/build/lib
[0.858s] creating /home/wu/ros2_ws/src/rov_project/control_node/build/control_node/build/lib/control_node
[0.858s] copying control_node/pid.py -> /home/wu/ros2_ws/src/rov_project/control_node/build/control_node/build/lib/control_node
[0.858s] copying control_node/controller.py -> /home/wu/ros2_ws/src/rov_project/control_node/build/control_node/build/lib/control_node
[0.858s] copying control_node/__init__.py -> /home/wu/ros2_ws/src/rov_project/control_node/build/control_node/build/lib/control_node
[0.858s] running install
[0.859s] running install_lib
[0.860s] creating /home/wu/ros2_ws/src/rov_project/control_node/install/control_node/lib/python3.10/site-packages/control_node
[0.860s] copying /home/wu/ros2_ws/src/rov_project/control_node/build/control_node/build/lib/control_node/pid.py -> /home/wu/ros2_ws/src/rov_project/control_node/install/control_node/lib/python3.10/site-packages/control_node
[0.860s] copying /home/wu/ros2_ws/src/rov_project/control_node/build/control_node/build/lib/control_node/controller.py -> /home/wu/ros2_ws/src/rov_project/control_node/install/control_node/lib/python3.10/site-packages/control_node
[0.860s] copying /home/wu/ros2_ws/src/rov_project/control_node/build/control_node/build/lib/control_node/__init__.py -> /home/wu/ros2_ws/src/rov_project/control_node/install/control_node/lib/python3.10/site-packages/control_node
[0.861s] byte-compiling /home/wu/ros2_ws/src/rov_project/control_node/install/control_node/lib/python3.10/site-packages/control_node/pid.py to pid.cpython-310.pyc
[0.863s] byte-compiling /home/wu/ros2_ws/src/rov_project/control_node/install/control_node/lib/python3.10/site-packages/control_node/controller.py to controller.cpython-310.pyc
[0.866s] byte-compiling /home/wu/ros2_ws/src/rov_project/control_node/install/control_node/lib/python3.10/site-packages/control_node/__init__.py to __init__.cpython-310.pyc
[0.866s] running install_data
[0.866s] creating /home/wu/ros2_ws/src/rov_project/control_node/install/control_node/share/ament_index
[0.866s] creating /home/wu/ros2_ws/src/rov_project/control_node/install/control_node/share/ament_index/resource_index
[0.866s] creating /home/wu/ros2_ws/src/rov_project/control_node/install/control_node/share/ament_index/resource_index/packages
[0.867s] copying resource/control_node -> /home/wu/ros2_ws/src/rov_project/control_node/install/control_node/share/ament_index/resource_index/packages
[0.867s] copying package.xml -> /home/wu/ros2_ws/src/rov_project/control_node/install/control_node/share/control_node
[0.867s] running install_egg_info
[0.869s] Copying build/control_node/control_node.egg-info to /home/wu/ros2_ws/src/rov_project/control_node/install/control_node/lib/python3.10/site-packages/control_node-0.0.0-py3.10.egg-info
[0.870s] running install_scripts
[0.902s] Installing controller script to /home/wu/ros2_ws/src/rov_project/control_node/install/control_node/lib/control_node
[0.902s] writing list of installed files to '/home/wu/ros2_ws/src/rov_project/control_node/build/control_node/install.log'
[0.985s] Invoked command in '/home/wu/ros2_ws/src/rov_project/control_node' returned '0': PYTHONPATH=/home/wu/ros2_ws/src/rov_project/control_node/build/control_node/prefix_override:/usr/lib/python3/dist-packages/colcon_core/task/python/colcon_distutils_commands:/home/wu/ros2_ws/src/rov_project/control_node/install/control_node/lib/python3.10/site-packages:${PYTHONPATH} /usr/bin/python3 -W ignore:setup.py install is deprecated -W ignore:easy_install command is deprecated setup.py egg_info --egg-base build/control_node build --build-base /home/wu/ros2_ws/src/rov_project/control_node/build/control_node/build install --record /home/wu/ros2_ws/src/rov_project/control_node/build/control_node/install.log --single-version-externally-managed install_data
